<?xml version="1.0" encoding="UTF-8"?>
<!-- Generated by org.testng.reporters.JUnitReportReporter -->
<testsuite hostname="DESKTOP-BJT0K7O" name="RestAPI.Restajured.Verifyjsonresponse" tests="1" failures="0" timestamp="1 Mar 2021 06:32:18 GMT" time="4.761" errors="0">
  <testcase name="Getheadersdetails" time="4.761" classname="RestAPI.Restajured.Verifyjsonresponse"/>
</testsuite> <!-- RestAPI.Restajured.Verifyjsonresponse -->
