<?xml version="1.0" encoding="UTF-8"?>
<!-- Generated by org.testng.reporters.JUnitReportReporter -->
<testsuite hostname="DESKTOP-BJT0K7O" name="RestAPI.Restajured.Verifyjsonresponseallparameters" tests="1" failures="0" timestamp="2 Mar 2021 04:23:39 GMT" time="5.538" errors="0">
  <testcase name="Getheadersdetails" time="5.538" classname="RestAPI.Restajured.Verifyjsonresponseallparameters"/>
</testsuite> <!-- RestAPI.Restajured.Verifyjsonresponseallparameters -->
