<?xml version="1.0" encoding="UTF-8"?>
<!-- Generated by org.testng.reporters.JUnitReportReporter -->
<testsuite hostname="DESKTOP-BJT0K7O" name="RestAPI.Getdata" tests="2" failures="0" timestamp="5 Mar 2021 09:00:17 GMT" time="19.083" errors="0">
  <testcase name="GetTest" time="15.068" classname="RestAPI.Getdata"/>
  <testcase name="Test2" time="4.015" classname="RestAPI.Getdata"/>
</testsuite> <!-- RestAPI.Getdata -->
