<?xml version="1.0" encoding="UTF-8"?>
<!-- Generated by org.testng.reporters.JUnitReportReporter -->
<testsuite hostname="DESKTOP-BJT0K7O" name="RestAPI.Restajured.TC01_GET_Reuest" tests="1" failures="0" timestamp="2 Mar 2021 04:19:13 GMT" time="5.255" errors="0">
  <testcase name="GetWeather" time="5.255" classname="RestAPI.Restajured.TC01_GET_Reuest"/>
</testsuite> <!-- RestAPI.Restajured.TC01_GET_Reuest -->
