<?xml version="1.0" encoding="UTF-8"?>
<!-- Generated by org.testng.reporters.JUnitReportReporter -->
<testsuite hostname="DESKTOP-BJT0K7O" name="localdatajsonserver.JsonSchemaValidator" tests="1" failures="0" timestamp="6 Mar 2021 10:15:13 GMT" time="8.025" errors="0">
  <testcase name="data" time="8.025" classname="localdatajsonserver.JsonSchemaValidator"/>
</testsuite> <!-- localdatajsonserver.JsonSchemaValidator -->
