<?xml version="1.0" encoding="UTF-8"?>
<!-- Generated by org.testng.reporters.JUnitReportReporter -->
<testsuite hostname="DESKTOP-BJT0K7O" name="datadriventest.Dataprovidertest" tests="3" failures="0" timestamp="3 Mar 2021 10:20:34 GMT" time="6.314" errors="0">
  <testcase name="CreateEmploydetails" time="1.253" classname="datadriventest.Dataprovidertest"/>
  <testcase name="CreateEmploydetails" time="3.997" classname="datadriventest.Dataprovidertest"/>
  <testcase name="CreateEmploydetails" time="1.064" classname="datadriventest.Dataprovidertest"/>
</testsuite> <!-- datadriventest.Dataprovidertest -->
