<?xml version="1.0" encoding="UTF-8"?>
<!-- Generated by org.testng.reporters.JUnitReportReporter -->
<testsuite hostname="DESKTOP-BJT0K7O" name="soapui.SoapXMLrequest" tests="2" failures="0" timestamp="7 Mar 2021 05:50:56 GMT" time="5.205" errors="0">
  <testcase name="Soaprequestmultiply" time="4.485" classname="soapui.SoapXMLrequest"/>
  <testcase name="Soaprequestdivide" time="0.720" classname="soapui.SoapXMLrequest"/>
</testsuite> <!-- soapui.SoapXMLrequest -->
