<?xml version="1.0" encoding="UTF-8"?>
<!-- Generated by org.testng.reporters.JUnitReportReporter -->
<testsuite hostname="DESKTOP-BJT0K7O" name="RestAPI.Restajured.PUT_UPDATE" tests="1" failures="0" timestamp="1 Mar 2021 06:06:52 GMT" time="5.078" errors="0">
  <testcase name="UpdateRecord" time="5.078" classname="RestAPI.Restajured.PUT_UPDATE"/>
</testsuite> <!-- RestAPI.Restajured.PUT_UPDATE -->
