<?xml version="1.0" encoding="UTF-8"?>
<!-- Generated by org.testng.reporters.JUnitReportReporter -->
<testsuite hostname="DESKTOP-BJT0K7O" name="localdatajsonserver.TestonLocalAPI" tests="1" failures="0" timestamp="6 Mar 2021 08:16:41 GMT" time="2.767" errors="0">
  <testcase name="Getdata" time="2.767" classname="localdatajsonserver.TestonLocalAPI"/>
</testsuite> <!-- localdatajsonserver.TestonLocalAPI -->
