<?xml version="1.0" encoding="UTF-8"?>
<!-- Generated by org.testng.reporters.JUnitReportReporter -->
<testsuite hostname="DESKTOP-BJT0K7O" name="RestAPI.Restajured.TC03_PUTREQUEST" tests="1" failures="0" timestamp="2 Mar 2021 04:22:24 GMT" time="4.648" errors="0">
  <testcase name="UpdateRecords" time="4.648" classname="RestAPI.Restajured.TC03_PUTREQUEST"/>
</testsuite> <!-- RestAPI.Restajured.TC03_PUTREQUEST -->
