<?xml version="1.0" encoding="UTF-8"?>
<!-- Generated by org.testng.reporters.JUnitReportReporter -->
<testsuite hostname="DESKTOP-BJT0K7O" name="datadriventest.DatadriventestPOST" tests="1" failures="0" timestamp="2 Mar 2021 07:27:47 GMT" time="3.704" errors="0">
  <testcase name="CreateEmploydetails" time="3.704" classname="datadriventest.DatadriventestPOST"/>
</testsuite> <!-- datadriventest.DatadriventestPOST -->
