<?xml version="1.0" encoding="UTF-8"?>
<!-- Generated by org.testng.reporters.JUnitReportReporter -->
<testsuite hostname="DESKTOP-BJT0K7O" name="RestAPI.Getdata" tests="2" failures="0" timestamp="7 Mar 2021 09:58:17 GMT" time="5.490" errors="0">
  <testcase name="GetTest" time="3.855" classname="RestAPI.Getdata"/>
  <testcase name="Test2" time="1.635" classname="RestAPI.Getdata"/>
</testsuite> <!-- RestAPI.Getdata -->
