<?xml version="1.0" encoding="UTF-8"?>
<!-- Generated by org.testng.reporters.JUnitReportReporter -->
<testsuite hostname="DESKTOP-BJT0K7O" name="RestAPI.GetAndPost" tests="1" failures="0" timestamp="5 Mar 2021 10:09:19 GMT" time="4.546" errors="0">
  <testcase name="TestPost" time="4.546" classname="RestAPI.GetAndPost"/>
</testsuite> <!-- RestAPI.GetAndPost -->
