<?xml version="1.0" encoding="UTF-8"?>
<!-- Generated by org.testng.reporters.JUnitReportReporter -->
<testsuite hostname="DESKTOP-BJT0K7O" name="RestAPI.Restajured.HeadersvalidationwithForloop" tests="1" failures="0" timestamp="2 Mar 2021 04:29:56 GMT" time="3.541" errors="0">
  <testcase name="Getheadersdetails" time="3.541" classname="RestAPI.Restajured.HeadersvalidationwithForloop"/>
</testsuite> <!-- RestAPI.Restajured.HeadersvalidationwithForloop -->
