<?xml version="1.0" encoding="UTF-8"?>
<!-- Generated by org.testng.reporters.JUnitReportReporter -->
<testsuite hostname="DESKTOP-BJT0K7O" name="RestAPI.Restajured.Post" tests="1" failures="0" timestamp="28 Feb 2021 09:53:32 GMT" time="3.758" errors="0">
  <testcase name="RegistrationSuccessfull" time="3.758" classname="RestAPI.Restajured.Post"/>
</testsuite> <!-- RestAPI.Restajured.Post -->
