<?xml version="1.0" encoding="UTF-8"?>
<!-- Generated by org.testng.reporters.JUnitReportReporter -->
<testsuite hostname="DESKTOP-BJT0K7O" name="RestAPI.PutPatchDelete" tests="3" failures="0" timestamp="5 Mar 2021 14:12:15 GMT" time="7.072" errors="0">
  <testcase name="TestDelete" time="1.094" classname="RestAPI.PutPatchDelete"/>
  <testcase name="TestPut" time="0.966" classname="RestAPI.PutPatchDelete"/>
  <testcase name="TestPatch" time="5.012" classname="RestAPI.PutPatchDelete"/>
</testsuite> <!-- RestAPI.PutPatchDelete -->
